2017-06-01T16:09:14.686Z - error: uncaughtException: VersionChecker is not defined date=Thu Jun 01 2017 16:09:14 GMT+0000 (UTC), pid=6804, uid=1000, gid=1000, cwd=/home/ubuntu/workspace, execPath=/home/ubuntu/.nvm/versions/node/v6.10.3/bin/node, version=v6.10.3, argv=[/home/ubuntu/.nvm/versions/node/v6.10.3/bin/node, /home/ubuntu/workspace/SNCServer.js], rss=77225984, heapTotal=63987712, heapUsed=41808112, external=1600159, loadavg=[2.80322265625, 3.46728515625, 3.6728515625], uptime=1901556
ReferenceError: VersionChecker is not defined
    at Client.init (/home/ubuntu/workspace/SNCServer.js:150:3)
    at emitNone (events.js:91:20)
    at Client.emit (events.js:185:7)
    at WebSocketManager._emitReady (/home/ubuntu/workspace/node_modules/discord.js/src/client/websocket/WebSocketManager.js:221:17)
    at WebSocketManager.checkIfReady (/home/ubuntu/workspace/node_modules/discord.js/src/client/websocket/WebSocketManager.js:246:14)
    at GuildCreateHandler.handle (/home/ubuntu/workspace/node_modules/discord.js/src/client/websocket/packets/handlers/GuildCreate.js:13:31)
    at WebSocketPacketManager.handle (/home/ubuntu/workspace/node_modules/discord.js/src/client/websocket/packets/WebSocketPacketManager.js:93:65)
    at WebSocketManager.eventMessage (/home/ubuntu/workspace/node_modules/discord.js/src/client/websocket/WebSocketManager.js:198:31)
    at WebSocket.ws.onmessage (/home/ubuntu/workspace/node_modules/discord.js/src/client/websocket/WebSocketManager.js:74:37)
    at WebSocket.onMessage (/home/ubuntu/workspace/node_modules/discord.js/node_modules/ws/lib/WebSocket.js:442:14)
2017-06-01T16:10:53.842Z - error: uncaughtException: VersionChecker is not defined date=Thu Jun 01 2017 16:10:53 GMT+0000 (UTC), pid=7044, uid=1000, gid=1000, cwd=/home/ubuntu/workspace, execPath=/home/ubuntu/.nvm/versions/node/v7.10.0/bin/node, version=v7.10.0, argv=[/home/ubuntu/.nvm/versions/node/v7.10.0/bin/node, /home/ubuntu/workspace/SNCServer.js], rss=77283328, heapTotal=62300160, heapUsed=39818864, external=2156328, loadavg=[3.568359375, 3.49169921875, 3.65380859375], uptime=1901655
ReferenceError: VersionChecker is not defined
    at Client.init (/home/ubuntu/workspace/SNCServer.js:150:3)
    at emitNone (events.js:91:20)
    at Client.emit (events.js:188:7)
    at WebSocketManager._emitReady (/home/ubuntu/workspace/node_modules/discord.js/src/client/websocket/WebSocketManager.js:221:17)
    at WebSocketManager.checkIfReady (/home/ubuntu/workspace/node_modules/discord.js/src/client/websocket/WebSocketManager.js:246:14)
    at GuildCreateHandler.handle (/home/ubuntu/workspace/node_modules/discord.js/src/client/websocket/packets/handlers/GuildCreate.js:13:31)
    at WebSocketPacketManager.handle (/home/ubuntu/workspace/node_modules/discord.js/src/client/websocket/packets/WebSocketPacketManager.js:93:65)
    at WebSocketManager.eventMessage (/home/ubuntu/workspace/node_modules/discord.js/src/client/websocket/WebSocketManager.js:198:31)
    at WebSocket.ws.onmessage (/home/ubuntu/workspace/node_modules/discord.js/src/client/websocket/WebSocketManager.js:74:37)
    at WebSocket.onMessage (/home/ubuntu/workspace/node_modules/discord.js/node_modules/ws/lib/WebSocket.js:442:14)
2017-06-01T16:11:47.440Z - error: uncaughtException: VersionChecker is not defined date=Thu Jun 01 2017 16:11:47 GMT+0000 (UTC), pid=7063, uid=1000, gid=1000, cwd=/home/ubuntu/workspace, execPath=/home/ubuntu/.nvm/versions/node/v7.10.0/bin/node, version=v7.10.0, argv=[/home/ubuntu/.nvm/versions/node/v7.10.0/bin/node, /home/ubuntu/workspace/SNCServer.js], rss=77430784, heapTotal=62300160, heapUsed=39773336, external=2156925, loadavg=[2.4580078125, 3.19873046875, 3.5439453125], uptime=1901709
ReferenceError: VersionChecker is not defined
    at Client.init (/home/ubuntu/workspace/SNCServer.js:150:3)
    at emitNone (events.js:91:20)
    at Client.emit (events.js:188:7)
    at WebSocketManager._emitReady (/home/ubuntu/workspace/node_modules/discord.js/src/client/websocket/WebSocketManager.js:221:17)
    at WebSocketManager.checkIfReady (/home/ubuntu/workspace/node_modules/discord.js/src/client/websocket/WebSocketManager.js:246:14)
    at GuildCreateHandler.handle (/home/ubuntu/workspace/node_modules/discord.js/src/client/websocket/packets/handlers/GuildCreate.js:13:31)
    at WebSocketPacketManager.handle (/home/ubuntu/workspace/node_modules/discord.js/src/client/websocket/packets/WebSocketPacketManager.js:93:65)
    at WebSocketManager.eventMessage (/home/ubuntu/workspace/node_modules/discord.js/src/client/websocket/WebSocketManager.js:198:31)
    at WebSocket.ws.onmessage (/home/ubuntu/workspace/node_modules/discord.js/src/client/websocket/WebSocketManager.js:74:37)
    at WebSocket.onMessage (/home/ubuntu/workspace/node_modules/discord.js/node_modules/ws/lib/WebSocket.js:442:14)
